<?xml version="1.0" encoding="UTF-8"?>
<!-- Generated by org.testng.reporters.JUnitReportReporter -->
<testsuite hostname="DESKTOP-JQO35JO" failures="0" tests="7" name="TestCases.ReopenCases" time="66.079" errors="0" timestamp="2023-09-25T18:27:10 IST" skipped="0">
  <testcase classname="TestCases.ReopenCases" name="LoginAgency" time="22.508"/>
  <system-out/>
  <testcase classname="TestCases.ReopenCases" name="ReopenCase_OpenReopenCasePopup" time="23.595"/>
  <system-out/>
  <testcase classname="TestCases.ReopenCases" name="ReopenCase_VerifyViolationsFromCDP" time="6.453"/>
  <system-out/>
  <testcase classname="TestCases.ReopenCases" name="ReopenCase_NonCompliantViolationIsRequired" time="0.307"/>
  <system-out/>
  <testcase classname="TestCases.ReopenCases" name="ReopenCase_CaseDoesNotReopenOnCancel" time="0.290"/>
  <system-out/>
  <testcase classname="TestCases.ReopenCases" name="ReopenCase_VerifyCaseReopened" time="12.756"/>
  <system-out/>
  <testcase classname="TestCases.ReopenCases" name="ReopenCase_VerifyCaseReopenedDetails" time="0.170"/>
  <system-out/>
</testsuite> <!-- TestCases.ReopenCases -->
