<?xml version="1.0" encoding="UTF-8"?>
<!-- Generated by org.testng.reporters.JUnitReportReporter -->
<testsuite hostname="DESKTOP-JQO35JO" failures="0" tests="35" name="TestCases.CLP" time="38.326" errors="2" timestamp="2023-09-25T16:21:58 IST" skipped="33">
  <testcase classname="TestCases.CLP" name="LoginTest" time="38.305">
    <error message="Expected condition failed: waiting for presence of element located by: By.id: idp-discovery-username (tried for 30 second(s) with 500 milliseconds interval)" type="org.openqa.selenium.TimeoutException">
      <![CDATA[org.openqa.selenium.TimeoutException: Expected condition failed: waiting for presence of element located by: By.id: idp-discovery-username (tried for 30 second(s) with 500 milliseconds interval)
at org.openqa.selenium.support.ui.WebDriverWait.timeoutException(WebDriverWait.java:84)
at org.openqa.selenium.support.ui.FluentWait.until(FluentWait.java:230)
at CommonMethods.Helper.SendKeys(Helper.java:336)
at POM.LoginUtility.LoginAgency(LoginUtility.java:72)
at POM.CLPUtility.LoginAgency(CLPUtility.java:207)
at TestCases.CLP.LoginTest(CLP.java:65)
at java.base/jdk.internal.reflect.NativeMethodAccessorImpl.invoke0(Native Method)
at java.base/jdk.internal.reflect.NativeMethodAccessorImpl.invoke(NativeMethodAccessorImpl.java:77)
at java.base/jdk.internal.reflect.DelegatingMethodAccessorImpl.invoke(DelegatingMethodAccessorImpl.java:43)
at java.base/java.lang.reflect.Method.invoke(Method.java:568)
at org.testng.internal.invokers.MethodInvocationHelper.invokeMethod(MethodInvocationHelper.java:135)
at org.testng.internal.invokers.TestInvoker.invokeMethod(TestInvoker.java:673)
at org.testng.internal.invokers.TestInvoker.invokeTestMethod(TestInvoker.java:220)
at org.testng.internal.invokers.MethodRunner.runInSequence(MethodRunner.java:50)
at org.testng.internal.invokers.TestInvoker$MethodInvocationAgent.invoke(TestInvoker.java:945)
at org.testng.internal.invokers.TestInvoker.invokeTestMethods(TestInvoker.java:193)
at org.testng.internal.invokers.TestMethodWorker.invokeTestMethods(TestMethodWorker.java:146)
at org.testng.internal.invokers.TestMethodWorker.run(TestMethodWorker.java:128)
at java.base/java.util.concurrent.ThreadPoolExecutor.runWorker(ThreadPoolExecutor.java:1136)
at java.base/java.util.concurrent.ThreadPoolExecutor$Worker.run(ThreadPoolExecutor.java:635)
at java.base/java.lang.Thread.run(Thread.java:833)
Caused by: org.openqa.selenium.NoSuchWindowException: no such window: target window already closed
from unknown error: web view not found
  (Session info: chrome=115.0.5790.170)
Build info: version: '4.11.0', revision: '040bc5406b'
System info: os.name: 'Windows 10', os.arch: 'amd64', os.version: '10.0', java.version: '17.0.8'
Driver info: org.openqa.selenium.chrome.ChromeDriver
Command: [76ccf4fb4f62d2532a5aaa4830eb4aa8, findElement {using=id, value=idp-discovery-username}]
Capabilities {acceptInsecureCerts: false, browserName: chrome, browserVersion: 115.0.5790.170, chrome: {chromedriverVersion: 115.0.5790.170 (cc0d30c2ca5..., userDataDir: C:\Users\HP\AppData\Local\T...}, goog:chromeOptions: {debuggerAddress: localhost:50289}, networkConnectionEnabled: false, pageLoadStrategy: none, platformName: windows, proxy: Proxy(), se:cdp: ws://localhost:50289/devtoo..., se:cdpVersion: 115.0.5790.170, setWindowRect: true, strictFileInteractability: false, timeouts: {implicit: 0, pageLoad: 300000, script: 30000}, unhandledPromptBehavior: dismiss and notify, webauthn:extension:credBlob: true, webauthn:extension:largeBlob: true, webauthn:extension:minPinLength: true, webauthn:extension:prf: true, webauthn:virtualAuthenticators: true}
Session ID: 76ccf4fb4f62d2532a5aaa4830eb4aa8
at jdk.internal.reflect.GeneratedConstructorAccessor18.newInstance(Unknown Source)
at java.base/jdk.internal.reflect.DelegatingConstructorAccessorImpl.newInstance(DelegatingConstructorAccessorImpl.java:45)
at java.base/java.lang.reflect.Constructor.newInstanceWithCaller(Constructor.java:499)
at java.base/java.lang.reflect.Constructor.newInstance(Constructor.java:480)
at org.openqa.selenium.remote.codec.w3c.W3CHttpResponseCodec.createException(W3CHttpResponseCodec.java:200)
at org.openqa.selenium.remote.codec.w3c.W3CHttpResponseCodec.decode(W3CHttpResponseCodec.java:133)
at org.openqa.selenium.remote.codec.w3c.W3CHttpResponseCodec.decode(W3CHttpResponseCodec.java:52)
at org.openqa.selenium.remote.HttpCommandExecutor.execute(HttpCommandExecutor.java:191)
at org.openqa.selenium.remote.service.DriverCommandExecutor.invokeExecute(DriverCommandExecutor.java:196)
at org.openqa.selenium.remote.service.DriverCommandExecutor.execute(DriverCommandExecutor.java:171)
at org.openqa.selenium.remote.RemoteWebDriver.execute(RemoteWebDriver.java:518)
at org.openqa.selenium.remote.ElementLocation$ElementFinder$2.findElement(ElementLocation.java:165)
at org.openqa.selenium.remote.ElementLocation.findElement(ElementLocation.java:59)
at org.openqa.selenium.remote.RemoteWebDriver.findElement(RemoteWebDriver.java:355)
at org.openqa.selenium.remote.RemoteWebDriver.findElement(RemoteWebDriver.java:349)
at org.openqa.selenium.support.ui.ExpectedConditions$6.apply(ExpectedConditions.java:171)
at org.openqa.selenium.support.ui.ExpectedConditions$6.apply(ExpectedConditions.java:168)
at org.openqa.selenium.support.ui.FluentWait.until(FluentWait.java:205)
... 19 more
]]>
    </error>
  </testcase> <!-- LoginTest -->
  <system-out/>
  <testcase classname="TestCases.CLP" name="flushReport" time="0.021">
    <error message="no such window: target window already closed
from unknown error: web view not found
  (Session info: chrome=115.0.5790.170)
Build info: version: &#039;4.11.0&#039;, revision: &#039;040bc5406b&#039;
System info: os.name: &#039;Windows 10&#039;, os.arch: &#039;amd64&#039;, os.version: &#039;10.0&#039;, java.version: &#039;17.0.8&#039;
Driver info: org.openqa.selenium.chrome.ChromeDriver
Command: [76ccf4fb4f62d2532a5aaa4830eb4aa8, screenshot {}]
Capabilities {acceptInsecureCerts: false, browserName: chrome, browserVersion: 115.0.5790.170, chrome: {chromedriverVersion: 115.0.5790.170 (cc0d30c2ca5..., userDataDir: C:\Users\HP\AppData\Local\T...}, goog:chromeOptions: {debuggerAddress: localhost:50289}, networkConnectionEnabled: false, pageLoadStrategy: none, platformName: windows, proxy: Proxy(), se:cdp: ws://localhost:50289/devtoo..., se:cdpVersion: 115.0.5790.170, setWindowRect: true, strictFileInteractability: false, timeouts: {implicit: 0, pageLoad: 300000, script: 30000}, unhandledPromptBehavior: dismiss and notify, webauthn:extension:credBlob: true, webauthn:extension:largeBlob: true, webauthn:extension:minPinLength: true, webauthn:extension:prf: true, webauthn:virtualAuthenticators: true}
Session ID: 76ccf4fb4f62d2532a5aaa4830eb4aa8" type="org.openqa.selenium.NoSuchWindowException">
      <![CDATA[org.openqa.selenium.NoSuchWindowException: no such window: target window already closed
from unknown error: web view not found
  (Session info: chrome=115.0.5790.170)
Build info: version: '4.11.0', revision: '040bc5406b'
System info: os.name: 'Windows 10', os.arch: 'amd64', os.version: '10.0', java.version: '17.0.8'
Driver info: org.openqa.selenium.chrome.ChromeDriver
Command: [76ccf4fb4f62d2532a5aaa4830eb4aa8, screenshot {}]
Capabilities {acceptInsecureCerts: false, browserName: chrome, browserVersion: 115.0.5790.170, chrome: {chromedriverVersion: 115.0.5790.170 (cc0d30c2ca5..., userDataDir: C:\Users\HP\AppData\Local\T...}, goog:chromeOptions: {debuggerAddress: localhost:50289}, networkConnectionEnabled: false, pageLoadStrategy: none, platformName: windows, proxy: Proxy(), se:cdp: ws://localhost:50289/devtoo..., se:cdpVersion: 115.0.5790.170, setWindowRect: true, strictFileInteractability: false, timeouts: {implicit: 0, pageLoad: 300000, script: 30000}, unhandledPromptBehavior: dismiss and notify, webauthn:extension:credBlob: true, webauthn:extension:largeBlob: true, webauthn:extension:minPinLength: true, webauthn:extension:prf: true, webauthn:virtualAuthenticators: true}
Session ID: 76ccf4fb4f62d2532a5aaa4830eb4aa8
at jdk.internal.reflect.GeneratedConstructorAccessor18.newInstance(Unknown Source)
at java.base/jdk.internal.reflect.DelegatingConstructorAccessorImpl.newInstance(DelegatingConstructorAccessorImpl.java:45)
at java.base/java.lang.reflect.Constructor.newInstanceWithCaller(Constructor.java:499)
at java.base/java.lang.reflect.Constructor.newInstance(Constructor.java:480)
at org.openqa.selenium.remote.codec.w3c.W3CHttpResponseCodec.createException(W3CHttpResponseCodec.java:200)
at org.openqa.selenium.remote.codec.w3c.W3CHttpResponseCodec.decode(W3CHttpResponseCodec.java:133)
at org.openqa.selenium.remote.codec.w3c.W3CHttpResponseCodec.decode(W3CHttpResponseCodec.java:52)
at org.openqa.selenium.remote.HttpCommandExecutor.execute(HttpCommandExecutor.java:191)
at org.openqa.selenium.remote.service.DriverCommandExecutor.invokeExecute(DriverCommandExecutor.java:196)
at org.openqa.selenium.remote.service.DriverCommandExecutor.execute(DriverCommandExecutor.java:171)
at org.openqa.selenium.remote.RemoteWebDriver.execute(RemoteWebDriver.java:518)
at org.openqa.selenium.remote.RemoteWebDriver.execute(RemoteWebDriver.java:591)
at org.openqa.selenium.remote.RemoteWebDriver.execute(RemoteWebDriver.java:595)
at org.openqa.selenium.remote.RemoteWebDriver.getScreenshotAs(RemoteWebDriver.java:321)
at ExtentReport.ExtentReportClass.getScreenshot(ExtentReportClass.java:66)
at ExtentReport.ExtentReportClass.tearDown(ExtentReportClass.java:51)
at TestCases.CLP.flushReport(CLP.java:49)
at java.base/jdk.internal.reflect.NativeMethodAccessorImpl.invoke0(Native Method)
at java.base/jdk.internal.reflect.NativeMethodAccessorImpl.invoke(NativeMethodAccessorImpl.java:77)
at java.base/jdk.internal.reflect.DelegatingMethodAccessorImpl.invoke(DelegatingMethodAccessorImpl.java:43)
at java.base/java.lang.reflect.Method.invoke(Method.java:568)
at org.testng.internal.invokers.MethodInvocationHelper.invokeMethod(MethodInvocationHelper.java:135)
at org.testng.internal.invokers.MethodInvocationHelper.invokeMethodConsideringTimeout(MethodInvocationHelper.java:65)
at org.testng.internal.invokers.ConfigInvoker.invokeConfigurationMethod(ConfigInvoker.java:381)
at org.testng.internal.invokers.ConfigInvoker.invokeConfigurations(ConfigInvoker.java:319)
at org.testng.internal.invokers.TestInvoker.runConfigMethods(TestInvoker.java:803)
at org.testng.internal.invokers.TestInvoker.runAfterConfigurations(TestInvoker.java:772)
at org.testng.internal.invokers.TestInvoker.invokeMethod(TestInvoker.java:748)
at org.testng.internal.invokers.TestInvoker.invokeTestMethod(TestInvoker.java:220)
at org.testng.internal.invokers.MethodRunner.runInSequence(MethodRunner.java:50)
at org.testng.internal.invokers.TestInvoker$MethodInvocationAgent.invoke(TestInvoker.java:945)
at org.testng.internal.invokers.TestInvoker.invokeTestMethods(TestInvoker.java:193)
at org.testng.internal.invokers.TestMethodWorker.invokeTestMethods(TestMethodWorker.java:146)
at org.testng.internal.invokers.TestMethodWorker.run(TestMethodWorker.java:128)
at java.base/java.util.concurrent.ThreadPoolExecutor.runWorker(ThreadPoolExecutor.java:1136)
at java.base/java.util.concurrent.ThreadPoolExecutor$Worker.run(ThreadPoolExecutor.java:635)
at java.base/java.lang.Thread.run(Thread.java:833)
]]>
    </error>
  </testcase> <!-- flushReport -->
  <system-out/>
  <testcase classname="TestCases.CLP" name="CLP_VerifyCLPOpensUp" time="0.000">
    <skipped/>
  </testcase> <!-- CLP_VerifyCLPOpensUp -->
  <system-out/>
  <testcase classname="TestCases.CLP" name="CLP_VerifyDefaultColumns" time="0.000">
    <skipped/>
  </testcase> <!-- CLP_VerifyDefaultColumns -->
  <system-out/>
  <testcase classname="TestCases.CLP" name="CLP_VerifyNavigationToNextPage" time="0.000">
    <skipped/>
  </testcase> <!-- CLP_VerifyNavigationToNextPage -->
  <system-out/>
  <testcase classname="TestCases.CLP" name="CLP_VerifynavigationToSpecificPage" time="0.000">
    <skipped/>
  </testcase> <!-- CLP_VerifynavigationToSpecificPage -->
  <system-out/>
  <testcase classname="TestCases.CLP" name="CLP_VerifyDescendingOrderOfCases" time="0.000">
    <skipped/>
  </testcase> <!-- CLP_VerifyDescendingOrderOfCases -->
  <system-out/>
  <testcase classname="TestCases.CLP" name="CLP_VerifyAscendingOrderOfCases" time="0.000">
    <skipped/>
  </testcase> <!-- CLP_VerifyAscendingOrderOfCases -->
  <system-out/>
  <testcase classname="TestCases.CLP" name="CLP_OpenDeleteCasePopup" time="0.000">
    <skipped/>
  </testcase> <!-- CLP_OpenDeleteCasePopup -->
  <system-out/>
  <testcase classname="TestCases.CLP" name="CLP_ValidationMsgForDeleteCase" time="0.000">
    <skipped/>
  </testcase> <!-- CLP_ValidationMsgForDeleteCase -->
  <system-out/>
  <testcase classname="TestCases.CLP" name="CLP_VerifyDeletedcase" time="0.000">
    <skipped/>
  </testcase> <!-- CLP_VerifyDeletedcase -->
  <system-out/>
  <testcase classname="TestCases.CLP" name="CLP_VerifyCasesForDoNotDeleteOption" time="0.000">
    <skipped/>
  </testcase> <!-- CLP_VerifyCasesForDoNotDeleteOption -->
  <system-out/>
  <testcase classname="TestCases.CLP" name="CLP_VerifyTotalCountOfCases" time="0.000">
    <skipped/>
  </testcase> <!-- CLP_VerifyTotalCountOfCases -->
  <system-out/>
  <testcase classname="TestCases.CLP" name="CLP_VerifyPrimaryFilters" time="0.000">
    <skipped/>
  </testcase> <!-- CLP_VerifyPrimaryFilters -->
  <system-out/>
  <testcase classname="TestCases.CLP" name="CLP_VerifyApplicationOfPrimaryFilters" time="0.000">
    <skipped/>
  </testcase> <!-- CLP_VerifyApplicationOfPrimaryFilters -->
  <system-out/>
  <testcase classname="TestCases.CLP" name="CLP_VerifyClearAllFiltersLinkText" time="0.000">
    <skipped/>
  </testcase> <!-- CLP_VerifyClearAllFiltersLinkText -->
  <system-out/>
  <testcase classname="TestCases.CLP" name="CLP_VerifyClearAllFiltersLinkNotPresent" time="0.000">
    <skipped/>
  </testcase> <!-- CLP_VerifyClearAllFiltersLinkNotPresent -->
  <system-out/>
  <testcase classname="TestCases.CLP" name="CLP_VerifySelectionOfSecondaryFilters" time="0.000">
    <skipped/>
  </testcase> <!-- CLP_VerifySelectionOfSecondaryFilters -->
  <system-out/>
  <testcase classname="TestCases.CLP" name="CLP_VerifyPresenceOfSecondaryFiltersUnderPrimaryFilters" time="0.000">
    <skipped/>
  </testcase> <!-- CLP_VerifyPresenceOfSecondaryFiltersUnderPrimaryFilters -->
  <system-out/>
  <testcase classname="TestCases.CLP" name="CLP_VerifyApplicationOfsecondaryFilters" time="0.000">
    <skipped/>
  </testcase> <!-- CLP_VerifyApplicationOfsecondaryFilters -->
  <system-out/>
  <testcase classname="TestCases.CLP" name="CLP_VerifyRemovalOfSecondaryFilters" time="0.000">
    <skipped/>
  </testcase> <!-- CLP_VerifyRemovalOfSecondaryFilters -->
  <system-out/>
  <testcase classname="TestCases.CLP" name="CLP_VerifySearchField" time="0.000">
    <skipped/>
  </testcase> <!-- CLP_VerifySearchField -->
  <system-out/>
  <testcase classname="TestCases.CLP" name="CLP_VerifyInfoMsgForNoSearchResults" time="0.000">
    <skipped/>
  </testcase> <!-- CLP_VerifyInfoMsgForNoSearchResults -->
  <system-out/>
  <testcase classname="TestCases.CLP" name="CLP_VerifyAdditionOfColumns" time="0.000">
    <skipped/>
  </testcase> <!-- CLP_VerifyAdditionOfColumns -->
  <system-out/>
  <testcase classname="TestCases.CLP" name="CLP_VerifyRestorationOfCheckedBoxes" time="0.000">
    <skipped/>
  </testcase> <!-- CLP_VerifyRestorationOfCheckedBoxes -->
  <system-out/>
  <testcase classname="TestCases.CLP" name="CLP_VerifyAddedColumnsAfterRestoreDefaultsLink" time="0.000">
    <skipped/>
  </testcase> <!-- CLP_VerifyAddedColumnsAfterRestoreDefaultsLink -->
  <system-out/>
  <testcase classname="TestCases.CLP" name="CLP_OpenSaveAsPopup" time="0.000">
    <skipped/>
  </testcase> <!-- CLP_OpenSaveAsPopup -->
  <system-out/>
  <testcase classname="TestCases.CLP" name="CLP_VerifyValidationMessageForSaveBtn" time="0.000">
    <skipped/>
  </testcase> <!-- CLP_VerifyValidationMessageForSaveBtn -->
  <system-out/>
  <testcase classname="TestCases.CLP" name="CLP_VerifySavedFilter" time="0.000">
    <skipped/>
  </testcase> <!-- CLP_VerifySavedFilter -->
  <system-out/>
  <testcase classname="TestCases.CLP" name="CLP_VerifyDeletionOfSavedFilter" time="0.000">
    <skipped/>
  </testcase> <!-- CLP_VerifyDeletionOfSavedFilter -->
  <system-out/>
  <testcase classname="TestCases.CLP" name="CLP_OpenCCPFromCreateCaseBtn" time="0.000">
    <skipped/>
  </testcase> <!-- CLP_OpenCCPFromCreateCaseBtn -->
  <system-out/>
  <testcase classname="TestCases.CLP" name="CLP_VerifyCSVFileDownloaded" time="0.000">
    <skipped/>
  </testcase> <!-- CLP_VerifyCSVFileDownloaded -->
  <system-out/>
  <testcase classname="TestCases.CLP" name="CLP_VerifyDirectionToCDP" time="0.000">
    <skipped/>
  </testcase> <!-- CLP_VerifyDirectionToCDP -->
  <system-out/>
  <testcase classname="TestCases.CLP" name="CLP_VerifyDirectionToCLPPreview" time="0.000">
    <skipped/>
  </testcase> <!-- CLP_VerifyDirectionToCLPPreview -->
  <system-out/>
  <testcase classname="TestCases.CLP" name="CLP_VerifyMineButtonApplication" time="0.000">
    <skipped/>
  </testcase> <!-- CLP_VerifyMineButtonApplication -->
  <system-out/>
</testsuite> <!-- TestCases.CLP -->
