<?xml version="1.0" encoding="UTF-8"?>
<!-- Generated by org.testng.reporters.JUnitReportReporter -->
<testsuite hostname="DESKTOP-JQO35JO" failures="0" tests="61" name="TestCases.CCP" time="354.308" errors="0" timestamp="2023-09-28T16:20:38 IST" skipped="0">
  <testcase classname="TestCases.CCP" name="LoginAgency" time="18.743"/>
  <system-out/>
  <testcase classname="TestCases.CCP" name="CCP_GlobalValidationMsgForNoData" time="4.118"/>
  <system-out/>
  <testcase classname="TestCases.CCP" name="CCP_DefaultInfoMsgOnLOcationTile" time="0.075"/>
  <system-out/>
  <testcase classname="TestCases.CCP" name="CCP_ValidationMsgOutsideAgencyBoundary" time="2.468"/>
  <system-out/>
  <testcase classname="TestCases.CCP" name="CCP_SearchAndAddAddress" time="2.706"/>
  <system-out/>
  <testcase classname="TestCases.CCP" name="CCP_OpenAddAddressManuallyPopup" time="0.362"/>
  <system-out/>
  <testcase classname="TestCases.CCP" name="CCP_CloseAddAddressManuallyPopup" time="0.899"/>
  <system-out/>
  <testcase classname="TestCases.CCP" name="CCP_ValidationMsgForNoAddressDetails" time="0.428"/>
  <system-out/>
  <testcase classname="TestCases.CCP" name="CCP_AddTheAddressManually" time="2.797"/>
  <system-out/>
  <testcase classname="TestCases.CCP" name="CCP_EditAddedAddress" time="0.656"/>
  <system-out/>
  <testcase classname="TestCases.CCP" name="CCP_UpdateAddressOnSaveButton" time="1.971"/>
  <system-out/>
  <testcase classname="TestCases.CCP" name="CCP_AddressShouldntGetUpdatedOnCancelButton" time="0.429"/>
  <system-out/>
  <testcase classname="TestCases.CCP" name="CCP_OpenFlagAddressPopup" time="1.037"/>
  <system-out/>
  <testcase classname="TestCases.CCP" name="CCP_CloseFlagAddressPopup" time="0.730"/>
  <system-out/>
  <testcase classname="TestCases.CCP" name="CCP_VerifyFlagAddressButtonState" time="0.403"/>
  <system-out/>
  <testcase classname="TestCases.CCP" name="CCP_VerifyFlaggedButtonState" time="0.256"/>
  <system-out/>
  <testcase classname="TestCases.CCP" name="CCP_InfoMsgForNoViolation" time="0.069"/>
  <system-out/>
  <testcase classname="TestCases.CCP" name="CCP_ValidationMsgForNoViolation" time="0.444"/>
  <system-out/>
  <testcase classname="TestCases.CCP" name="CCP_InfoMsgForNonExistingData" time="0.255"/>
  <system-out/>
  <testcase classname="TestCases.CCP" name="CCP_AddCustomIssueDescriptionField" time="0.153"/>
  <system-out/>
  <testcase classname="TestCases.CCP" name="CCP_validationMsgForEmptyCustomIssueDescriptionField" time="0.433"/>
  <system-out/>
  <testcase classname="TestCases.CCP" name="CCP_AddViolationWithoutEntity" time="0.476"/>
  <system-out/>
  <testcase classname="TestCases.CCP" name="CCP_OpenViolationWithEntityPopup" time="0.335"/>
  <system-out/>
  <testcase classname="TestCases.CCP" name="CCP_ValidationMsgForNoViolationData" time="0.416"/>
  <system-out/>
  <testcase classname="TestCases.CCP" name="CCP_AddViolationWithEntity" time="0.779"/>
  <system-out/>
  <testcase classname="TestCases.CCP" name="CCP_SearchAndAddViolation" time="1.940"/>
  <system-out/>
  <testcase classname="TestCases.CCP" name="CCP_VerifyAddAnotherViolationLink" time="0.139"/>
  <system-out/>
  <testcase classname="TestCases.CCP" name="CCP_DeleteAddedViolation" time="0.145"/>
  <system-out/>
  <testcase classname="TestCases.CCP" name="CCP_OpenEditViolationPopup" time="0.236"/>
  <system-out/>
  <testcase classname="TestCases.CCP" name="CCP_UploadPhotoForViolation" time="4.666"/>
  <system-out/>
  <testcase classname="TestCases.CCP" name="CCP_VerifyReplaceButtonPresence" time="0.242"/>
  <system-out/>
  <testcase classname="TestCases.CCP" name="CCP_DeleteAddedPhoto" time="0.328"/>
  <system-out/>
  <testcase classname="TestCases.CCP" name="CCP_VerifyTotalViolationsCount" time="0.200"/>
  <system-out/>
  <testcase classname="TestCases.CCP" name="CCP_OpenViolationListingPopup" time="0.244"/>
  <system-out/>
  <testcase classname="TestCases.CCP" name="CCP_CloseViolationListingPopup" time="0.780"/>
  <system-out/>
  <testcase classname="TestCases.CCP" name="CCP_OpenCreateAContactPopup" time="0.350"/>
  <system-out/>
  <testcase classname="TestCases.CCP" name="CCP_ValidationMsgForNodataInNameField" time="0.246"/>
  <system-out/>
  <testcase classname="TestCases.CCP" name="CCP_CloseCreateAContactPopup" time="0.804"/>
  <system-out/>
  <testcase classname="TestCases.CCP" name="CCP_AddNewContact" time="9.186"/>
  <system-out/>
  <testcase classname="TestCases.CCP" name="CCP_OpenEditContactPopup" time="1.564"/>
  <system-out/>
  <testcase classname="TestCases.CCP" name="CCP_DeleteAddedContact" time="0.205"/>
  <system-out/>
  <testcase classname="TestCases.CCP" name="CCP_VerifyTotalContactCount" time="0.112"/>
  <system-out/>
  <testcase classname="TestCases.CCP" name="CCP_VerifyViolationAttachmentsPresence" time="2.111"/>
  <system-out/>
  <testcase classname="TestCases.CCP" name="CCP_OpenAddAttachmentsPopup" time="0.194"/>
  <system-out/>
  <testcase classname="TestCases.CCP" name="CCP_VerifyAttachmentsPreview" time="5.440"/>
  <system-out/>
  <testcase classname="TestCases.CCP" name="CCP_OpenCloseAddAttachmentsPopup" time="0.298"/>
  <system-out/>
  <testcase classname="TestCases.CCP" name="CCP_CloseAddAttachmentsPopup" time="2.789"/>
  <system-out/>
  <testcase classname="TestCases.CCP" name="CCP_ReopenAddAttachmentsPopup" time="7.884"/>
  <system-out/>
  <testcase classname="TestCases.CCP" name="CCP_AddAnAttachment" time="4.259"/>
  <system-out/>
  <testcase classname="TestCases.CCP" name="CCP_AddMultipleAttachments" time="23.163"/>
  <system-out/>
  <testcase classname="TestCases.CCP" name="CCP_OpenAttachmentsDetailsPopup" time="0.357"/>
  <system-out/>
  <testcase classname="TestCases.CCP" name="CCP_UpdateAttachmentDetails" time="0.533"/>
  <system-out/>
  <testcase classname="TestCases.CCP" name="CCP_DeleteAnAttachment" time="76.780"/>
  <system-out/>
  <testcase classname="TestCases.CCP" name="CCP_OpenCreateCasePopup" time="0.275"/>
  <system-out/>
  <testcase classname="TestCases.CCP" name="CCP_VerifyTotalAttachmentsCount" time="4.178"/>
  <system-out/>
  <testcase classname="TestCases.CCP" name="CCP_VerifyCreateAndScheduleInspectionButton" time="0.098"/>
  <system-out/>
  <testcase classname="TestCases.CCP" name="CCP_VerifyNextInspectionSectionState" time="0.047"/>
  <system-out/>
  <testcase classname="TestCases.CCP" name="CCP_VerifyCaseCreation" time="8.724"/>
  <system-out/>
  <testcase classname="TestCases.CCP" name="CCP_CDP_CountVerifications" time="0.151"/>
  <system-out/>
  <testcase classname="TestCases.CCP" name="CCP_CaseCreationWithMultipleViolationSameEntity" time="113.218"/>
  <system-out/>
  <testcase classname="TestCases.CCP" name="CCP_SearchCaseAndNavigatetoCDP" time="40.984"/>
  <system-out/>
</testsuite> <!-- TestCases.CCP -->
