<?xml version="1.0" encoding="UTF-8"?>
<!-- Generated by org.testng.reporters.JUnitReportReporter -->
<testsuite hostname="DESKTOP-JQO35JO" failures="0" tests="13" name="TestCases.Notices" time="183.596" errors="0" timestamp="2023-09-28T16:20:38 IST" skipped="0">
  <testcase classname="TestCases.Notices" name="LoginAgency" time="18.195"/>
  <system-out/>
  <testcase classname="TestCases.Notices" name="Notices_OpenCreateNonHtmlNoticePopup" time="5.881"/>
  <system-out/>
  <testcase classname="TestCases.Notices" name="Notices_CreateNonHTMLNotice" time="12.076"/>
  <system-out/>
  <testcase classname="TestCases.Notices" name="Notices_OpenCreateHtmlNoticePopup" time="0.492"/>
  <system-out/>
  <testcase classname="TestCases.Notices" name="Notices_OpenAddMergeFieldsPopup" time="0.349"/>
  <system-out/>
  <testcase classname="TestCases.Notices" name="Notices_ApplyCategoryOnMergeFields" time="0.346"/>
  <system-out/>
  <testcase classname="TestCases.Notices" name="Notices_VerifyMergeFieldsOnHtmleditor" time="0.462"/>
  <system-out/>
  <testcase classname="TestCases.Notices" name="Notices_VerifyPreviewPopup" time="0.227"/>
  <system-out/>
  <testcase classname="TestCases.Notices" name="Notices_CreateHtmlCaseNotice" time="7.930"/>
  <system-out/>
  <testcase classname="TestCases.Notices" name="Notices_CreateFADocumentHtmlNotice" time="71.337"/>
  <system-out/>
  <testcase classname="TestCases.Notices" name="Notices_VerifyEditNotices" time="66.150"/>
  <system-out/>
  <testcase classname="TestCases.Notices" name="Notices_VerifyCountOfNotices" time="0.114"/>
  <system-out/>
  <testcase classname="TestCases.Notices" name="Notices_VerifyAutoPopulationOfNotices" time="0.037"/>
  <system-out/>
</testsuite> <!-- TestCases.Notices -->
