<?xml version="1.0" encoding="UTF-8"?>
<!-- Generated by org.testng.reporters.JUnitReportReporter -->
<testsuite hostname="DESKTOP-JQO35JO" failures="0" tests="7" name="TestCases.ReopenCases" time="43.926" errors="0" timestamp="2023-09-28T16:20:38 IST" skipped="0">
  <testcase classname="TestCases.ReopenCases" name="LoginAgency" time="24.936"/>
  <system-out/>
  <testcase classname="TestCases.ReopenCases" name="ReopenCase_OpenReopenCasePopup" time="11.248"/>
  <system-out/>
  <testcase classname="TestCases.ReopenCases" name="ReopenCase_VerifyViolationsFromCDP" time="2.793"/>
  <system-out/>
  <testcase classname="TestCases.ReopenCases" name="ReopenCase_NonCompliantViolationIsRequired" time="0.163"/>
  <system-out/>
  <testcase classname="TestCases.ReopenCases" name="ReopenCase_CaseDoesNotReopenOnCancel" time="0.197"/>
  <system-out/>
  <testcase classname="TestCases.ReopenCases" name="ReopenCase_VerifyCaseReopened" time="4.467"/>
  <system-out/>
  <testcase classname="TestCases.ReopenCases" name="ReopenCase_VerifyCaseReopenedDetails" time="0.122"/>
  <system-out/>
</testsuite> <!-- TestCases.ReopenCases -->
