<?xml version="1.0" encoding="UTF-8"?>
<!-- Generated by org.testng.reporters.JUnitReportReporter -->
<testsuite hostname="DESKTOP-JQO35JO" failures="0" tests="9" name="TestCases.CaseAssignment" time="59.398" errors="0" timestamp="2023-09-25T16:59:21 IST" skipped="0">
  <testcase classname="TestCases.CaseAssignment" name="LoginTest" time="21.676"/>
  <system-out/>
  <testcase classname="TestCases.CaseAssignment" name="CaseAssignment_OpenEditAssignmentPopup" time="7.809"/>
  <system-out/>
  <testcase classname="TestCases.CaseAssignment" name="CaseAssignment_EditFieldsOnEditAssignmentPopup" time="0.268"/>
  <system-out/>
  <testcase classname="TestCases.CaseAssignment" name="CaseAssignment_NotAbleToUpdateWithoutRule" time="1.133"/>
  <system-out/>
  <testcase classname="TestCases.CaseAssignment" name="CaseAssignment_OpenCreateRulepopup" time="2.243"/>
  <system-out/>
  <testcase classname="TestCases.CaseAssignment" name="CaseAssignment_CreateRuleWithMultipleCriterias" time="5.722"/>
  <system-out/>
  <testcase classname="TestCases.CaseAssignment" name="CaseAssignment_EditAddedRule" time="2.671"/>
  <system-out/>
  <testcase classname="TestCases.CaseAssignment" name="CaseAssignment_DeleteAddedRule" time="2.272"/>
  <system-out/>
  <testcase classname="TestCases.CaseAssignment" name="CaseAssignment_AssignmentRuleUnderInactiveSection" time="15.604"/>
  <system-out/>
</testsuite> <!-- TestCases.CaseAssignment -->
