<?xml version="1.0" encoding="UTF-8"?>
<!-- Generated by org.testng.reporters.JUnitReportReporter -->
<testsuite hostname="DESKTOP-JQO35JO" failures="0" tests="13" name="TestCases.Notices" time="189.903" errors="0" timestamp="2023-09-27T12:03:38 IST" skipped="0">
  <testcase classname="TestCases.Notices" name="LoginAgency" time="20.419"/>
  <system-out/>
  <testcase classname="TestCases.Notices" name="Notices_OpenCreateNonHtmlNoticePopup" time="7.002"/>
  <system-out/>
  <testcase classname="TestCases.Notices" name="Notices_CreateNonHTMLNotice" time="12.233"/>
  <system-out/>
  <testcase classname="TestCases.Notices" name="Notices_OpenCreateHtmlNoticePopup" time="0.567"/>
  <system-out/>
  <testcase classname="TestCases.Notices" name="Notices_OpenAddMergeFieldsPopup" time="0.431"/>
  <system-out/>
  <testcase classname="TestCases.Notices" name="Notices_ApplyCategoryOnMergeFields" time="0.342"/>
  <system-out/>
  <testcase classname="TestCases.Notices" name="Notices_VerifyMergeFieldsOnHtmleditor" time="0.511"/>
  <system-out/>
  <testcase classname="TestCases.Notices" name="Notices_VerifyPreviewPopup" time="0.296"/>
  <system-out/>
  <testcase classname="TestCases.Notices" name="Notices_CreateHtmlCaseNotice" time="8.539"/>
  <system-out/>
  <testcase classname="TestCases.Notices" name="Notices_CreateFADocumentHtmlNotice" time="73.243"/>
  <system-out/>
  <testcase classname="TestCases.Notices" name="Notices_VerifyEditNotices" time="66.150"/>
  <system-out/>
  <testcase classname="TestCases.Notices" name="Notices_VerifyCountOfNotices" time="0.150"/>
  <system-out/>
  <testcase classname="TestCases.Notices" name="Notices_VerifyAutoPopulationOfNotices" time="0.020"/>
  <system-out/>
</testsuite> <!-- TestCases.Notices -->
